# JRE version: Java(TM) SE Runtime Environment (8.0_231-b11) (build 1.8.0_231-b11)
# Java VM: Java HotSpot(TM) 64-Bit Server VM (25.231-b11 mixed mode linux-amd64 compressed oops)
Heap:
 PSYoungGen      total 2402304K, used 1199727K [0x0000000715580000, 0x00000007c0000000, 0x00000007c0000000)
  eden space 2184192K, 54% used [0x0000000715580000,0x000000075e91bca8,0x000000079aa80000)
  from space 218112K, 0% used [0x000000079aa80000,0x000000079aa80000,0x00000007a7f80000)
  to   space 218112K, 0% used [0x00000007b2b00000,0x00000007b2b00000,0x00000007c0000000)
 ParOldGen       total 3495424K, used 36176K [0x00000005c0000000, 0x0000000695580000, 0x0000000715580000)
  object space 3495424K, 1% used [0x00000005c0000000,0x00000005c23540d8,0x0000000695580000)
 Metaspace       used 42657K, capacity 43414K, committed 43508K, reserved 1087488K
  class space    used 6178K, capacity 6360K, committed 6396K, reserved 1048576K
GC Heap History (10 events):
Event: 0.860 GC heap before
{Heap before GC invocations=1 (full 0):
 PSYoungGen      total 1529344K, used 288476K [0x0000000715580000, 0x0000000780000000, 0x00000007c0000000)
  eden space 1311232K, 22% used [0x0000000715580000,0x0000000726f37060,0x0000000765600000)
  from space 218112K, 0% used [0x0000000772b00000,0x0000000772b00000,0x0000000780000000)
  to   space 218112K, 0% used [0x0000000765600000,0x0000000765600000,0x0000000772b00000)
 ParOldGen       total 3495424K, used 0K [0x00000005c0000000, 0x0000000695580000, 0x0000000715580000)
  object space 3495424K, 0% used [0x00000005c0000000,0x00000005c0000000,0x0000000695580000)
 Metaspace       used 21085K, capacity 21224K, committed 21296K, reserved 1067008K
  class space    used 3025K, capacity 3080K, committed 3120K, reserved 1048576K
Event: 0.870 GC heap after
Heap after GC invocations=1 (full 0):
 PSYoungGen      total 1529344K, used 17523K [0x0000000715580000, 0x00000007c0000000, 0x00000007c0000000)
  eden space 1311232K, 0% used [0x0000000715580000,0x0000000715580000,0x0000000765600000)
  from space 218112K, 8% used [0x0000000765600000,0x000000076671ce20,0x0000000772b00000)
  to   space 218112K, 0% used [0x00000007b2b00000,0x00000007b2b00000,0x00000007c0000000)
 ParOldGen       total 3495424K, used 88K [0x00000005c0000000, 0x0000000695580000, 0x0000000715580000)
  object space 3495424K, 0% used [0x00000005c0000000,0x00000005c0016028,0x0000000695580000)
 Metaspace       used 21085K, capacity 21224K, committed 21296K, reserved 1067008K
  class space    used 3025K, capacity 3080K, committed 3120K, reserved 1048576K
}
Event: 0.870 GC heap before
{Heap before GC invocations=2 (full 1):
 PSYoungGen      total 1529344K, used 17523K [0x0000000715580000, 0x00000007c0000000, 0x00000007c0000000)
  eden space 1311232K, 0% used [0x0000000715580000,0x0000000715580000,0x0000000765600000)
  from space 218112K, 8% used [0x0000000765600000,0x000000076671ce20,0x0000000772b00000)
  to   space 218112K, 0% used [0x00000007b2b00000,0x00000007b2b00000,0x00000007c0000000)
 ParOldGen       total 3495424K, used 88K [0x00000005c0000000, 0x0000000695580000, 0x0000000715580000)
  object space 3495424K, 0% used [0x00000005c0000000,0x00000005c0016028,0x0000000695580000)
 Metaspace       used 21085K, capacity 21224K, committed 21296K, reserved 1067008K
  class space    used 3025K, capacity 3080K, committed 3120K, reserved 1048576K
Event: 0.885 GC heap after
Heap after GC invocations=2 (full 1):
 PSYoungGen      total 1529344K, used 0K [0x0000000715580000, 0x00000007c0000000, 0x00000007c0000000)
  eden space 1311232K, 0% used [0x0000000715580000,0x0000000715580000,0x0000000765600000)
  from space 218112K, 0% used [0x0000000765600000,0x0000000765600000,0x0000000772b00000)
  to   space 218112K, 0% used [0x00000007b2b00000,0x00000007b2b00000,0x00000007c0000000)
 ParOldGen       total 3495424K, used 16733K [0x00000005c0000000, 0x0000000695580000, 0x0000000715580000)
  object space 3495424K, 0% used [0x00000005c0000000,0x00000005c10577a8,0x0000000695580000)
 Metaspace       used 21085K, capacity 21224K, committed 21296K, reserved 1067008K
  class space    used 3025K, capacity 3080K, committed 3120K, reserved 1048576K
}
Event: 1.645 GC heap before
{Heap before GC invocations=3 (full 1):
 PSYoungGen      total 1529344K, used 622838K [0x0000000715580000, 0x00000007c0000000, 0x00000007c0000000)
  eden space 1311232K, 47% used [0x0000000715580000,0x000000073b5bdba0,0x0000000765600000)
  from space 218112K, 0% used [0x0000000765600000,0x0000000765600000,0x0000000772b00000)
  to   space 218112K, 0% used [0x00000007b2b00000,0x00000007b2b00000,0x00000007c0000000)
 ParOldGen       total 3495424K, used 16733K [0x00000005c0000000, 0x0000000695580000, 0x0000000715580000)
  object space 3495424K, 0% used [0x00000005c0000000,0x00000005c10577a8,0x0000000695580000)
 Metaspace       used 35038K, capacity 35482K, committed 35752K, reserved 1079296K
  class space    used 5165K, capacity 5266K, committed 5296K, reserved 1048576K
Event: 1.659 GC heap after
Heap after GC invocations=3 (full 1):
 PSYoungGen      total 1952768K, used 42219K [0x0000000715580000, 0x00000007b5480000, 0x00000007c0000000)
  eden space 1910272K, 0% used [0x0000000715580000,0x0000000715580000,0x0000000789f00000)
  from space 42496K, 99% used [0x00000007b2b00000,0x00000007b543adc0,0x00000007b5480000)
  to   space 218112K, 0% used [0x000000079aa80000,0x000000079aa80000,0x00000007a7f80000)
 ParOldGen       total 3495424K, used 16741K [0x00000005c0000000, 0x0000000695580000, 0x0000000715580000)
  object space 3495424K, 0% used [0x00000005c0000000,0x00000005c10597a8,0x0000000695580000)
 Metaspace       used 35038K, capacity 35482K, committed 35752K, reserved 1079296K
  class space    used 5165K, capacity 5266K, committed 5296K, reserved 1048576K
}
Event: 1.672 GC heap before
{Heap before GC invocations=4 (full 1):
 PSYoungGen      total 1952768K, used 185490K [0x0000000715580000, 0x00000007b5480000, 0x00000007c0000000)
  eden space 1910272K, 7% used [0x0000000715580000,0x000000071e169b18,0x0000000789f00000)
  from space 42496K, 99% used [0x00000007b2b00000,0x00000007b543adc0,0x00000007b5480000)
  to   space 218112K, 0% used [0x000000079aa80000,0x000000079aa80000,0x00000007a7f80000)
 ParOldGen       total 3495424K, used 16741K [0x00000005c0000000, 0x0000000695580000, 0x0000000715580000)
  object space 3495424K, 0% used [0x00000005c0000000,0x00000005c10597a8,0x0000000695580000)
 Metaspace       used 35331K, capacity 35770K, committed 35828K, reserved 1079296K
  class space    used 5210K, capacity 5346K, committed 5372K, reserved 1048576K
Event: 1.679 GC heap after
Heap after GC invocations=4 (full 1):
 PSYoungGen      total 2402304K, used 31144K [0x0000000715580000, 0x00000007c0000000, 0x00000007c0000000)
  eden space 2184192K, 0% used [0x0000000715580000,0x0000000715580000,0x000000079aa80000)
  from space 218112K, 14% used [0x000000079aa80000,0x000000079c8ea2c8,0x00000007a7f80000)
  to   space 218112K, 0% used [0x00000007b2b00000,0x00000007b2b00000,0x00000007c0000000)
 ParOldGen       total 3495424K, used 16749K [0x00000005c0000000, 0x0000000695580000, 0x0000000715580000)
  object space 3495424K, 0% used [0x00000005c0000000,0x00000005c105b7a8,0x0000000695580000)
 Metaspace       used 35331K, capacity 35770K, committed 35828K, reserved 1079296K
  class space    used 5210K, capacity 5346K, committed 5372K, reserved 1048576K
}
Event: 1.679 GC heap before
{Heap before GC invocations=5 (full 2):
 PSYoungGen      total 2402304K, used 31144K [0x0000000715580000, 0x00000007c0000000, 0x00000007c0000000)
  eden space 2184192K, 0% used [0x0000000715580000,0x0000000715580000,0x000000079aa80000)
  from space 218112K, 14% used [0x000000079aa80000,0x000000079c8ea2c8,0x00000007a7f80000)
  to   space 218112K, 0% used [0x00000007b2b00000,0x00000007b2b00000,0x00000007c0000000)
 ParOldGen       total 3495424K, used 16749K [0x00000005c0000000, 0x0000000695580000, 0x0000000715580000)
  object space 3495424K, 0% used [0x00000005c0000000,0x00000005c105b7a8,0x0000000695580000)
 Metaspace       used 35331K, capacity 35770K, committed 35828K, reserved 1079296K
  class space    used 5210K, capacity 5346K, committed 5372K, reserved 1048576K
Event: 1.716 GC heap after
Heap after GC invocations=5 (full 2):
 PSYoungGen      total 2402304K, used 0K [0x0000000715580000, 0x00000007c0000000, 0x00000007c0000000)
  eden space 2184192K, 0% used [0x0000000715580000,0x0000000715580000,0x000000079aa80000)
  from space 218112K, 0% used [0x000000079aa80000,0x000000079aa80000,0x00000007a7f80000)
  to   space 218112K, 0% used [0x00000007b2b00000,0x00000007b2b00000,0x00000007c0000000)
 ParOldGen       total 3495424K, used 36176K [0x00000005c0000000, 0x0000000695580000, 0x0000000715580000)
  object space 3495424K, 1% used [0x00000005c0000000,0x00000005c23540d8,0x0000000695580000)
 Metaspace       used 35331K, capacity 35770K, committed 35828K, reserved 1079296K
  class space    used 5210K, capacity 5346K, committed 5372K, reserved 1048576K
}

